#
# There is insufficient memory for the Java Runtime Environment to continue.
# Native memory allocation (malloc) failed to allocate 472768 bytes for Chunk::new
# Possible reasons:
#   The system is out of physical RAM or swap space
#   In 32 bit mode, the process size limit was hit
# Possible solutions:
#   Reduce memory load on the system
#   Increase physical memory or swap space
#   Check if swap backing store is full
#   Use 64 bit Java on a 64 bit OS
#   Decrease Java heap size (-Xmx/-Xms)
#   Decrease number of Java threads
#   Decrease Java thread stack sizes (-Xss)
#   Set larger code cache with -XX:ReservedCodeCacheSize=
# This output file may be truncated or incomplete.
#
#  Out of Memory Error (allocation.cpp:390), pid=17140, tid=20232
#
# JRE version: Java(TM) SE Runtime Environment (8.0_45-b15) (build 1.8.0_45-b15)
# Java VM: Java HotSpot(TM) 64-Bit Server VM (25.45-b02 mixed mode windows-amd64 compressed oops)
# Failed to write core dump. Minidumps are not enabled by default on client versions of Windows
#

---------------  T H R E A D  ---------------

Current thread (0x0000000018c30800):  JavaThread "C2 CompilerThread1" daemon [_thread_in_native, id=20232, stack(0x0000000019300000,0x0000000019400000)]

Stack: [0x0000000019300000,0x0000000019400000]
Native frames: (J=compiled Java code, j=interpreted, Vv=VM code, C=native code)
V  [jvm.dll+0x32b57a]
V  [jvm.dll+0x279873]
V  [jvm.dll+0x27a509]
V  [jvm.dll+0x271825]
V  [jvm.dll+0xcb9e2]
V  [jvm.dll+0xcbeac]
V  [jvm.dll+0x4929e7]
V  [jvm.dll+0x45f8ca]
V  [jvm.dll+0x46a73b]
V  [jvm.dll+0x46cd52]
V  [jvm.dll+0x4500f2]
V  [jvm.dll+0xa4352]
V  [jvm.dll+0xa4c8f]
V  [jvm.dll+0x241984]
V  [jvm.dll+0x29853a]
C  [msvcr100.dll+0x21d9f]
C  [msvcr100.dll+0x21e3b]
C  [KERNEL32.DLL+0x14034]
C  [ntdll.dll+0x73691]


Current CompileTask:
C2: 105722 12240       4       org.objectweb.asm.ClassReader::readField (667 bytes)


---------------  P R O C E S S  ---------------

Java Threads: ( => current thread )
  0x0000000021e85800 JavaThread "Cache worker for Java compile cache (C:\Users\hp\Desktop\Notes\.gradle\5.6.4\javaCompile)" [_thread_blocked, id=20400, stack(0x000000002e8c0000,0x000000002e9c0000)]
  0x0000000021e81000 JavaThread "Cache worker for Java compile cache (C:\Users\hp\.gradle\caches\5.6.4\javaCompile)" [_thread_blocked, id=15668, stack(0x000000002e7c0000,0x000000002e8c0000)]
  0x0000000021e82000 JavaThread "stdout" [_thread_in_native, id=15012, stack(0x000000002e6c0000,0x000000002e7c0000)]
  0x0000000021e86800 JavaThread "stderr" [_thread_in_native, id=4728, stack(0x000000002e5c0000,0x000000002e6c0000)]
  0x0000000021e88800 JavaThread "stdout" [_thread_in_native, id=20284, stack(0x000000002e4c0000,0x000000002e5c0000)]
  0x0000000021e87000 JavaThread "stderr" [_thread_in_native, id=6980, stack(0x000000002e3c0000,0x000000002e4c0000)]
  0x0000000021e79800 JavaThread "stdout" [_thread_in_native, id=4084, stack(0x000000002e2c0000,0x000000002e3c0000)]
  0x0000000021e80800 JavaThread "stderr" [_thread_in_native, id=20288, stack(0x000000002e1c0000,0x000000002e2c0000)]
  0x0000000021e7f800 JavaThread "stdout" [_thread_in_native, id=2212, stack(0x000000002e0c0000,0x000000002e1c0000)]
  0x000000001f040000 JavaThread "stderr" [_thread_in_native, id=11800, stack(0x000000002dfc0000,0x000000002e0c0000)]
  0x000000001f03f800 JavaThread "stdout" [_thread_in_native, id=4496, stack(0x000000002dec0000,0x000000002dfc0000)]
  0x000000001f038000 JavaThread "stderr" [_thread_in_native, id=10824, stack(0x000000002ddc0000,0x000000002dec0000)]
  0x000000001f03a000 JavaThread "stdout" [_thread_in_native, id=20464, stack(0x000000002dcc0000,0x000000002ddc0000)]
  0x000000001f03e800 JavaThread "stderr" [_thread_in_native, id=4232, stack(0x000000002dbc0000,0x000000002dcc0000)]
  0x000000001f03e000 JavaThread "stdout" [_thread_in_native, id=16764, stack(0x000000002dac0000,0x000000002dbc0000)]
  0x000000001f032800 JavaThread "stderr" [_thread_in_native, id=20296, stack(0x000000002d9c0000,0x000000002dac0000)]
  0x000000001f039800 JavaThread "stdout" [_thread_in_native, id=7336, stack(0x000000002d8c0000,0x000000002d9c0000)]
  0x000000001f037000 JavaThread "stderr" [_thread_in_native, id=2892, stack(0x000000002d7c0000,0x000000002d8c0000)]
  0x000000001f038800 JavaThread "pool-5-thread-1" [_thread_blocked, id=9868, stack(0x000000002d6c0000,0x000000002d7c0000)]
  0x000000001f036800 JavaThread "WorkerExecutor Queue Thread 8" [_thread_blocked, id=16916, stack(0x000000002d5c0000,0x000000002d6c0000)]
  0x000000001f035800 JavaThread "WorkerExecutor Queue Thread 7" [_thread_blocked, id=20116, stack(0x000000002d4c0000,0x000000002d5c0000)]
  0x000000001f035000 JavaThread "WorkerExecutor Queue Thread 6" [_thread_blocked, id=18080, stack(0x000000002d3c0000,0x000000002d4c0000)]
  0x000000001f032000 JavaThread "WorkerExecutor Queue Thread 5" [_thread_blocked, id=15832, stack(0x000000002d2c0000,0x000000002d3c0000)]
  0x0000000021159000 JavaThread "WorkerExecutor Queue Thread 4" [_thread_blocked, id=15456, stack(0x000000002d1c0000,0x000000002d2c0000)]
  0x0000000021158800 JavaThread "WorkerExecutor Queue Thread 3" [_thread_blocked, id=4336, stack(0x000000002d0c0000,0x000000002d1c0000)]
  0x0000000021157000 JavaThread "WorkerExecutor Queue Thread 2" [_thread_blocked, id=6048, stack(0x000000002cfc0000,0x000000002d0c0000)]
  0x0000000021157800 JavaThread "WorkerExecutor Queue" [_thread_blocked, id=17476, stack(0x000000002cec0000,0x000000002cfc0000)]
  0x0000000021155800 JavaThread "Cache worker for execution history cache (C:\Users\hp\Desktop\Notes\.gradle\5.6.4\executionHistory)" [_thread_blocked, id=10952, stack(0x000000002cdc0000,0x000000002cec0000)]
  0x0000000021154800 JavaThread "Execution worker for ':' Thread 7" [_thread_blocked, id=18648, stack(0x000000002ccc0000,0x000000002cdc0000)]
  0x000000002114d000 JavaThread "Execution worker for ':' Thread 6" [_thread_in_vm, id=15340, stack(0x000000002cbc0000,0x000000002ccc0000)]
  0x0000000021154000 JavaThread "Execution worker for ':' Thread 5" [_thread_blocked, id=12244, stack(0x000000002cac0000,0x000000002cbc0000)]
  0x0000000021153000 JavaThread "Execution worker for ':' Thread 4" [_thread_blocked, id=2932, stack(0x000000002c9c0000,0x000000002cac0000)]
  0x0000000021152800 JavaThread "Execution worker for ':' Thread 3" [_thread_blocked, id=12740, stack(0x000000002c8c0000,0x000000002c9c0000)]
  0x000000002114b000 JavaThread "Execution worker for ':' Thread 2" [_thread_blocked, id=15412, stack(0x000000002c7c0000,0x000000002c8c0000)]
  0x000000002114c800 JavaThread "Execution worker for ':'" [_thread_blocked, id=14308, stack(0x000000002c6c0000,0x000000002c7c0000)]
  0x000000002114e800 JavaThread "Cache worker for file content cache (C:\Users\hp\Desktop\Notes\.gradle\5.6.4\fileContent)" [_thread_blocked, id=5952, stack(0x000000002c5c0000,0x000000002c6c0000)]
  0x000000002114a000 JavaThread "Cache worker for Build Output Cleanup Cache (C:\Users\hp\Desktop\Notes\.gradle\buildOutputCleanup)" [_thread_blocked, id=19436, stack(0x000000002c4c0000,0x000000002c5c0000)]
  0x0000000021270800 JavaThread "pool-4-thread-1" [_thread_blocked, id=19472, stack(0x000000002c3c0000,0x000000002c4c0000)]
  0x0000000021271800 JavaThread "Build operations Thread 8" [_thread_blocked, id=8044, stack(0x000000002c2c0000,0x000000002c3c0000)]
  0x000000002126a000 JavaThread "Build operations Thread 7" [_thread_blocked, id=3996, stack(0x000000002c1c0000,0x000000002c2c0000)]
  0x0000000021270000 JavaThread "Build operations Thread 6" [_thread_blocked, id=19204, stack(0x000000002c0c0000,0x000000002c1c0000)]
  0x000000002126f000 JavaThread "Build operations Thread 5" [_thread_blocked, id=1240, stack(0x000000002bfc0000,0x000000002c0c0000)]
  0x000000002126e800 JavaThread "Build operations Thread 4" [_thread_blocked, id=20048, stack(0x000000002bec0000,0x000000002bfc0000)]
  0x000000002126c000 JavaThread "Build operations Thread 3" [_thread_blocked, id=14312, stack(0x000000002bdc0000,0x000000002bec0000)]
  0x0000000021269000 JavaThread "Build operations Thread 2" [_thread_blocked, id=19940, stack(0x000000002bcc0000,0x000000002bdc0000)]
  0x000000002126d000 JavaThread "Build operations" [_thread_blocked, id=11492, stack(0x000000002bbc0000,0x000000002bcc0000)]
  0x000000002126b800 JavaThread "Cache worker for cache directory md-rule (C:\Users\hp\.gradle\caches\5.6.4\md-rule)" [_thread_blocked, id=2728, stack(0x000000002bac0000,0x000000002bbc0000)]
  0x000000002126d800 JavaThread "Cache worker for cache directory md-supplier (C:\Users\hp\.gradle\caches\5.6.4\md-supplier)" [_thread_blocked, id=15792, stack(0x000000002b9c0000,0x000000002bac0000)]
  0x0000000021264000 JavaThread "Cache worker for file hash cache (C:\Users\hp\Desktop\Notes\.gradle\5.6.4\fileHashes)" [_thread_blocked, id=7484, stack(0x000000002b8c0000,0x000000002b9c0000)]
  0x0000000021267000 JavaThread "Thread-83" [_thread_blocked, id=11776, stack(0x000000002b7c0000,0x000000002b8c0000)]
  0x0000000021268800 JavaThread "Stdin handler" [_thread_blocked, id=472, stack(0x000000002b6c0000,0x000000002b7c0000)]
  0x0000000021267800 JavaThread "Asynchronous log dispatcher for DefaultDaemonConnection: socket connection from /127.0.0.1:55319 to /127.0.0.1:55347" [_thread_blocked, id=9072, stack(0x000000002b5c0000,0x000000002b6c0000)]
  0x0000000021265800 JavaThread "Daemon worker Thread 2" [_thread_blocked, id=7356, stack(0x000000002b4c0000,0x000000002b5c0000)]
  0x0000000021264800 JavaThread "Cancel handler" [_thread_blocked, id=812, stack(0x000000002b3c0000,0x000000002b4c0000)]
  0x000000002126a800 JavaThread "Handler for socket connection from /127.0.0.1:55319 to /127.0.0.1:55347" [_thread_in_native, id=7764, stack(0x000000002b2c0000,0x000000002b3c0000)]
  0x0000000021263000 JavaThread "Daemon Thread 2" [_thread_blocked, id=15644, stack(0x000000002b1c0000,0x000000002b2c0000)]
  0x000000002114e000 JavaThread "Java2D Disposer" daemon [_thread_blocked, id=19712, stack(0x0000000028df0000,0x0000000028ef0000)]
  0x000000001f033800 JavaThread "Cache worker for file content cache (C:\Users\hp\.gradle\caches\5.6.4\fileContent)" [_thread_blocked, id=3088, stack(0x00000000256f0000,0x00000000257f0000)]
  0x000000001f031000 JavaThread "Memory manager" [_thread_blocked, id=11940, stack(0x0000000024dd0000,0x0000000024ed0000)]
  0x0000000021e7a800 JavaThread "Cache worker for execution history cache (C:\Users\hp\.gradle\caches\5.6.4\executionHistory)" [_thread_blocked, id=17636, stack(0x0000000020630000,0x0000000020730000)]
  0x0000000018c42000 JavaThread "Cache worker for journal cache (C:\Users\hp\.gradle\caches\journal-1)" [_thread_blocked, id=4724, stack(0x000000001d720000,0x000000001d820000)]
  0x0000000018c40800 JavaThread "File lock request listener" [_thread_in_native, id=18424, stack(0x000000001d620000,0x000000001d720000)]
  0x0000000018c40000 JavaThread "Cache worker for file hash cache (C:\Users\hp\.gradle\caches\5.6.4\fileHashes)" [_thread_blocked, id=8004, stack(0x000000001d320000,0x000000001d420000)]
  0x000000001b112800 JavaThread "Daemon periodic checks" [_thread_blocked, id=20352, stack(0x000000001c820000,0x000000001c920000)]
  0x000000001b0c2800 JavaThread "Incoming local TCP Connector on port 55319" [_thread_in_native, id=10252, stack(0x000000001c5e0000,0x000000001c6e0000)]
  0x000000001b04f000 JavaThread "Daemon health stats" [_thread_blocked, id=7956, stack(0x000000001bfa0000,0x000000001c0a0000)]
  0x0000000018cca800 JavaThread "Service Thread" daemon [_thread_blocked, id=7204, stack(0x0000000019600000,0x0000000019700000)]
  0x0000000018c3d000 JavaThread "C1 CompilerThread3" daemon [_thread_blocked, id=18220, stack(0x0000000019500000,0x0000000019600000)]
  0x0000000018c36000 JavaThread "C2 CompilerThread2" daemon [_thread_blocked, id=19980, stack(0x0000000019400000,0x0000000019500000)]
=>0x0000000018c30800 JavaThread "C2 CompilerThread1" daemon [_thread_in_native, id=20232, stack(0x0000000019300000,0x0000000019400000)]
  0x0000000018c2a800 JavaThread "C2 CompilerThread0" daemon [_thread_blocked, id=12136, stack(0x0000000019200000,0x0000000019300000)]
  0x0000000018c27000 JavaThread "Attach Listener" daemon [_thread_blocked, id=10664, stack(0x0000000019100000,0x0000000019200000)]
  0x0000000018c24000 JavaThread "Signal Dispatcher" daemon [_thread_blocked, id=9772, stack(0x0000000019000000,0x0000000019100000)]
  0x0000000002e39000 JavaThread "Finalizer" daemon [_thread_blocked, id=6644, stack(0x0000000018af0000,0x0000000018bf0000)]
  0x0000000002e32000 JavaThread "Reference Handler" daemon [_thread_blocked, id=10324, stack(0x00000000189f0000,0x0000000018af0000)]
  0x00000000013de000 JavaThread "main" [_thread_blocked, id=9880, stack(0x0000000002c40000,0x0000000002d40000)]

Other Threads:
  0x0000000016c18800 VMThread [stack: 0x00000000188f0000,0x00000000189f0000] [id=7848]
  0x0000000018c81000 WatcherThread [stack: 0x0000000019700000,0x0000000019800000] [id=4544]

VM state:not at safepoint (normal execution)

VM Mutex/Monitor currently owned by a thread: None

Heap:
 PSYoungGen      total 181760K, used 89086K [0x00000000e0000000, 0x00000000eec00000, 0x0000000100000000)
  eden space 146944K, 36% used [0x00000000e0000000,0x00000000e35014d0,0x00000000e8f80000)
  from space 34816K, 99% used [0x00000000e8f80000,0x00000000eb17e3b8,0x00000000eb180000)
  to   space 41984K, 0% used [0x00000000ec300000,0x00000000ec300000,0x00000000eec00000)
 ParOldGen       total 168448K, used 48180K [0x00000000a0000000, 0x00000000aa480000, 0x00000000e0000000)
  object space 168448K, 28% used [0x00000000a0000000,0x00000000a2f0d300,0x00000000aa480000)
 Metaspace       used 73371K, capacity 76464K, committed 76800K, reserved 1118208K
  class space    used 9788K, capacity 10403K, committed 10496K, reserved 1048576K

Card table byte_map: [0x0000000012200000,0x0000000012510000] byte_map_base: 0x0000000011d00000

Marking Bits: (ParMarkBitMap*) 0x000000006c064040
 Begin Bits: [0x0000000012f10000, 0x0000000014710000)
 End Bits:   [0x0000000014710000, 0x0000000015f10000)

Polling page: 0x00000000013c0000

CodeCache: size=245760Kb used=34028Kb max_used=34683Kb free=211731Kb
 bounds [0x0000000002e40000, 0x0000000005050000, 0x0000000011e40000]
 total_blobs=11376 nmethods=10477 adapters=810
 compilation: enabled

Compilation events (10 events):
Event: 105.447 Thread 0x0000000018c3d000 12321       1       org.gradle.api.internal.tasks.compile.incremental.classpath.ClasspathEntrySnapshotData::getClassAnalysis (5 bytes)
Event: 105.447 Thread 0x0000000018c3d000 nmethod 12321 0x0000000002fc1210 code [0x0000000002fc1360, 0x0000000002fc1470]
Event: 105.447 Thread 0x0000000018c3d000 12322       1       org.gradle.api.internal.tasks.compile.incremental.classpath.ClasspathEntrySnapshot::getData (5 bytes)
Event: 105.447 Thread 0x0000000018c3d000 nmethod 12322 0x0000000003893950 code [0x0000000003893aa0, 0x0000000003893bb0]
Event: 105.447 Thread 0x0000000018c36000 12330       4       java.util.Collections$EmptySet::iterator (4 bytes)
Event: 105.448 Thread 0x0000000018c36000 nmethod 12330 0x0000000003cc5a10 code [0x0000000003cc5b40, 0x0000000003cc5bb8]
Event: 105.448 Thread 0x0000000018c3d000 12326       3       org.gradle.api.internal.tasks.compile.incremental.deps.ClassSetAnalysisData::getDependents (76 bytes)
Event: 105.448 Thread 0x0000000018c3d000 nmethod 12326 0x0000000003b9c4d0 code [0x0000000003b9c6e0, 0x0000000003b9d1a8]
Event: 105.449 Thread 0x0000000018c3d000 12324       3       org.gradle.api.internal.tasks.compile.incremental.classpath.ClasspathSnapshot::getSnapshot (12 bytes)
Event: 105.450 Thread 0x0000000018c3d000 nmethod 12324 0x00000000037053d0 code [0x00000000037055a0, 0x0000000003705e18]

GC Heap History (10 events):
Event: 17.400 GC heap before
{Heap before GC invocations=16 (full 3):
 PSYoungGen      total 144896K, used 127488K [0x00000000e0000000, 0x00000000ea900000, 0x0000000100000000)
  eden space 127488K, 100% used [0x00000000e0000000,0x00000000e7c80000,0x00000000e7c80000)
  from space 17408K, 0% used [0x00000000e9000000,0x00000000e9000000,0x00000000ea100000)
  to   space 19968K, 0% used [0x00000000e7c80000,0x00000000e7c80000,0x00000000e9000000)
 ParOldGen       total 168448K, used 32100K [0x00000000a0000000, 0x00000000aa480000, 0x00000000e0000000)
  object space 168448K, 19% used [0x00000000a0000000,0x00000000a1f59258,0x00000000aa480000)
 Metaspace       used 60619K, capacity 63218K, committed 63488K, reserved 1103872K
  class space    used 8585K, capacity 9144K, committed 9216K, reserved 1048576K
Event: 17.417 GC heap after
Heap after GC invocations=16 (full 3):
 PSYoungGen      total 147456K, used 16200K [0x00000000e0000000, 0x00000000eb800000, 0x0000000100000000)
  eden space 127488K, 0% used [0x00000000e0000000,0x00000000e0000000,0x00000000e7c80000)
  from space 19968K, 81% used [0x00000000e7c80000,0x00000000e8c52168,0x00000000e9000000)
  to   space 21504K, 0% used [0x00000000ea300000,0x00000000ea300000,0x00000000eb800000)
 ParOldGen       total 168448K, used 32108K [0x00000000a0000000, 0x00000000aa480000, 0x00000000e0000000)
  object space 168448K, 19% used [0x00000000a0000000,0x00000000a1f5b258,0x00000000aa480000)
 Metaspace       used 60619K, capacity 63218K, committed 63488K, reserved 1103872K
  class space    used 8585K, capacity 9144K, committed 9216K, reserved 1048576K
}
Event: 30.635 GC heap before
{Heap before GC invocations=17 (full 3):
 PSYoungGen      total 147456K, used 143688K [0x00000000e0000000, 0x00000000eb800000, 0x0000000100000000)
  eden space 127488K, 100% used [0x00000000e0000000,0x00000000e7c80000,0x00000000e7c80000)
  from space 19968K, 81% used [0x00000000e7c80000,0x00000000e8c52168,0x00000000e9000000)
  to   space 21504K, 0% used [0x00000000ea300000,0x00000000ea300000,0x00000000eb800000)
 ParOldGen       total 168448K, used 32110K [0x00000000a0000000, 0x00000000aa480000, 0x00000000e0000000)
  object space 168448K, 19% used [0x00000000a0000000,0x00000000a1f5bab8,0x00000000aa480000)
 Metaspace       used 65305K, capacity 68078K, committed 68224K, reserved 1107968K
  class space    used 8935K, capacity 9512K, committed 9600K, reserved 1048576K
Event: 30.652 GC heap after
Heap after GC invocations=17 (full 3):
 PSYoungGen      total 163328K, used 21494K [0x00000000e0000000, 0x00000000ebb80000, 0x0000000100000000)
  eden space 141824K, 0% used [0x00000000e0000000,0x00000000e0000000,0x00000000e8a80000)
  from space 21504K, 99% used [0x00000000ea300000,0x00000000eb7fd978,0x00000000eb800000)
  to   space 25088K, 0% used [0x00000000e8a80000,0x00000000e8a80000,0x00000000ea300000)
 ParOldGen       total 168448K, used 33615K [0x00000000a0000000, 0x00000000aa480000, 0x00000000e0000000)
  object space 168448K, 19% used [0x00000000a0000000,0x00000000a20d3f68,0x00000000aa480000)
 Metaspace       used 65305K, capacity 68078K, committed 68224K, reserved 1107968K
  class space    used 8935K, capacity 9512K, committed 9600K, reserved 1048576K
}
Event: 98.218 GC heap before
{Heap before GC invocations=18 (full 3):
 PSYoungGen      total 163328K, used 163318K [0x00000000e0000000, 0x00000000ebb80000, 0x0000000100000000)
  eden space 141824K, 100% used [0x00000000e0000000,0x00000000e8a80000,0x00000000e8a80000)
  from space 21504K, 99% used [0x00000000ea300000,0x00000000eb7fd978,0x00000000eb800000)
  to   space 25088K, 0% used [0x00000000e8a80000,0x00000000e8a80000,0x00000000ea300000)
 ParOldGen       total 168448K, used 33615K [0x00000000a0000000, 0x00000000aa480000, 0x00000000e0000000)
  object space 168448K, 19% used [0x00000000a0000000,0x00000000a20d3f68,0x00000000aa480000)
 Metaspace       used 67970K, capacity 70832K, committed 71040K, reserved 1110016K
  class space    used 9185K, capacity 9773K, committed 9856K, reserved 1048576K
Event: 98.234 GC heap after
Heap after GC invocations=18 (full 3):
 PSYoungGen      total 166912K, used 21762K [0x00000000e0000000, 0x00000000ecc00000, 0x0000000100000000)
  eden space 141824K, 0% used [0x00000000e0000000,0x00000000e0000000,0x00000000e8a80000)
  from space 25088K, 86% used [0x00000000e8a80000,0x00000000e9fc0890,0x00000000ea300000)
  to   space 27136K, 0% used [0x00000000eb180000,0x00000000eb180000,0x00000000ecc00000)
 ParOldGen       total 168448K, used 33623K [0x00000000a0000000, 0x00000000aa480000, 0x00000000e0000000)
  object space 168448K, 19% used [0x00000000a0000000,0x00000000a20d5f68,0x00000000aa480000)
 Metaspace       used 67970K, capacity 70832K, committed 71040K, reserved 1110016K
  class space    used 9185K, capacity 9773K, committed 9856K, reserved 1048576K
}
Event: 100.043 GC heap before
{Heap before GC invocations=19 (full 3):
 PSYoungGen      total 166912K, used 163586K [0x00000000e0000000, 0x00000000ecc00000, 0x0000000100000000)
  eden space 141824K, 100% used [0x00000000e0000000,0x00000000e8a80000,0x00000000e8a80000)
  from space 25088K, 86% used [0x00000000e8a80000,0x00000000e9fc0890,0x00000000ea300000)
  to   space 27136K, 0% used [0x00000000eb180000,0x00000000eb180000,0x00000000ecc00000)
 ParOldGen       total 168448K, used 33623K [0x00000000a0000000, 0x00000000aa480000, 0x00000000e0000000)
  object space 168448K, 19% used [0x00000000a0000000,0x00000000a20d5f68,0x00000000aa480000)
 Metaspace       used 68351K, capacity 71218K, committed 71296K, reserved 1110016K
  class space    used 9187K, capacity 9778K, committed 9856K, reserved 1048576K
Event: 100.076 GC heap after
Heap after GC invocations=19 (full 3):
 PSYoungGen      total 174080K, used 27109K [0x00000000e0000000, 0x00000000edf80000, 0x0000000100000000)
  eden space 146944K, 0% used [0x00000000e0000000,0x00000000e0000000,0x00000000e8f80000)
  from space 27136K, 99% used [0x00000000eb180000,0x00000000ecbf9588,0x00000000ecc00000)
  to   space 34816K, 0% used [0x00000000e8f80000,0x00000000e8f80000,0x00000000eb180000)
 ParOldGen       total 168448K, used 43743K [0x00000000a0000000, 0x00000000aa480000, 0x00000000e0000000)
  object space 168448K, 25% used [0x00000000a0000000,0x00000000a2ab7d28,0x00000000aa480000)
 Metaspace       used 68351K, capacity 71218K, committed 71296K, reserved 1110016K
  class space    used 9187K, capacity 9778K, committed 9856K, reserved 1048576K
}
Event: 104.854 GC heap before
{Heap before GC invocations=20 (full 3):
 PSYoungGen      total 174080K, used 174053K [0x00000000e0000000, 0x00000000edf80000, 0x0000000100000000)
  eden space 146944K, 100% used [0x00000000e0000000,0x00000000e8f80000,0x00000000e8f80000)
  from space 27136K, 99% used [0x00000000eb180000,0x00000000ecbf9588,0x00000000ecc00000)
  to   space 34816K, 0% used [0x00000000e8f80000,0x00000000e8f80000,0x00000000eb180000)
 ParOldGen       total 168448K, used 43743K [0x00000000a0000000, 0x00000000aa480000, 0x00000000e0000000)
  object space 168448K, 25% used [0x00000000a0000000,0x00000000a2ab7d28,0x00000000aa480000)
 Metaspace       used 71949K, capacity 74964K, committed 75008K, reserved 1114112K
  class space    used 9612K, capacity 10201K, committed 10240K, reserved 1048576K
Event: 104.879 GC heap after
Heap after GC invocations=20 (full 3):
 PSYoungGen      total 181760K, used 34808K [0x00000000e0000000, 0x00000000eec00000, 0x0000000100000000)
  eden space 146944K, 0% used [0x00000000e0000000,0x00000000e0000000,0x00000000e8f80000)
  from space 34816K, 99% used [0x00000000e8f80000,0x00000000eb17e3b8,0x00000000eb180000)
  to   space 41984K, 0% used [0x00000000ec300000,0x00000000ec300000,0x00000000eec00000)
 ParOldGen       total 168448K, used 48180K [0x00000000a0000000, 0x00000000aa480000, 0x00000000e0000000)
  object space 168448K, 28% used [0x00000000a0000000,0x00000000a2f0d300,0x00000000aa480000)
 Metaspace       used 71949K, capacity 74964K, committed 75008K, reserved 1114112K
  class space    used 9612K, capacity 10201K, committed 10240K, reserved 1048576K
}

Deoptimization events (10 events):
Event: 105.176 Thread 0x000000002114d000 Uncommon trap: reason=unstable_if action=reinterpret pc=0x000000000451f5c0 method=com.google.common.collect.ComparisonChain$1.classify(I)Lcom/google/common/collect/ComparisonChain; @ 1
Event: 105.220 Thread 0x000000002114d000 Uncommon trap: reason=unstable_if action=reinterpret pc=0x0000000004f8cbe4 method=org.objectweb.asm.SymbolTable.addConstantIntegerOrFloat(II)Lorg/objectweb/asm/Symbol; @ 33
Event: 105.230 Thread 0x000000002114d000 Uncommon trap: reason=null_assert action=make_not_entrant pc=0x000000000403da94 method=org.gradle.internal.snapshot.impl.DirectorySnapshotter$PathVisitor.shouldVisit(Ljava/nio/file/Path;Ljava/lang/String;ZLjava/nio/file/attribute/BasicFileAttributes;Ljava/
Event: 105.237 Thread 0x000000002114d000 Uncommon trap: reason=unstable_if action=reinterpret pc=0x0000000003147c08 method=java.util.function.Predicate.lambda$and$10(Ljava/util/function/Predicate;Ljava/lang/Object;)Z @ 17
Event: 105.237 Thread 0x000000002114d000 Uncommon trap: reason=unstable_if action=reinterpret pc=0x00000000045461b4 method=org.gradle.internal.snapshot.impl.DirectorySnapshotter$PathVisitor.visitFile(Ljava/nio/file/Path;Ljava/nio/file/attribute/BasicFileAttributes;)Ljava/nio/file/FileVisitResult;Õfn“_WZ@
Event: 105.365 Thread 0x000000002126d000 Uncommon trap: reason=class_check action=maybe_recompile pc=0x0000000004fd14c4 method=org.objectweb.asm.ClassReader.readField(Lorg/objectweb/asm/ClassVisitor;Lorg/objectweb/asm/Context;I)I @ 332
Event: 105.365 Thread 0x000000002126d000 Uncommon trap: reason=class_check action=maybe_recompile pc=0x0000000004fd14c4 method=org.objectweb.asm.ClassReader.readField(Lorg/objectweb/asm/ClassVisitor;Lorg/objectweb/asm/Context;I)I @ 332
Event: 105.365 Thread 0x000000002126d000 Uncommon trap: reason=class_check action=maybe_recompile pc=0x0000000004fd14c4 method=org.objectweb.asm.ClassReader.readField(Lorg/objectweb/asm/ClassVisitor;Lorg/objectweb/asm/Context;I)I @ 332
Event: 105.365 Thread 0x000000002126d000 Uncommon trap: reason=class_check action=maybe_recompile pc=0x0000000004fd14c4 method=org.objectweb.asm.ClassReader.readField(Lorg/objectweb/asm/ClassVisitor;Lorg/objectweb/asm/Context;I)I @ 332
Event: 105.438 Thread 0x0000000021e85800 Uncommon trap: reason=unstable_if action=reinterpret pc=0x0000000004d394e8 method=java.io.BufferedOutputStream.write([BII)V @ 35

Internal exceptions (10 events):
Event: 101.554 Thread 0x000000002114d000 Exception <a 'java/lang/NoSuchMethodError': <clinit>> (0x00000000e44895f0) thrown at [C:\re\workspace\8-2-build-windows-amd64-cygwin\jdk8u45\3627\hotspot\src\share\vm\prims\jni.cpp, line 1598]
Event: 101.554 Thread 0x000000002114d000 Exception <a 'java/lang/NoSuchMethodError': <clinit>> (0x00000000e448a808) thrown at [C:\re\workspace\8-2-build-windows-amd64-cygwin\jdk8u45\3627\hotspot\src\share\vm\prims\jni.cpp, line 1598]
Event: 102.194 Thread 0x000000002114d000 Exception <a 'java/lang/NoSuchMethodError': <clinit>> (0x00000000e70be8c8) thrown at [C:\re\workspace\8-2-build-windows-amd64-cygwin\jdk8u45\3627\hotspot\src\share\vm\prims\jni.cpp, line 1598]
Event: 102.196 Thread 0x000000002114d000 Exception <a 'java/lang/NoSuchMethodError': <clinit>> (0x00000000e70db190) thrown at [C:\re\workspace\8-2-build-windows-amd64-cygwin\jdk8u45\3627\hotspot\src\share\vm\prims\jni.cpp, line 1598]
Event: 102.199 Thread 0x000000002114d000 Exception <a 'java/lang/NoSuchMethodError': <clinit>> (0x00000000e70fc2a8) thrown at [C:\re\workspace\8-2-build-windows-amd64-cygwin\jdk8u45\3627\hotspot\src\share\vm\prims\jni.cpp, line 1598]
Event: 102.207 Thread 0x000000002114d000 Exception <a 'java/lang/NoSuchMethodError': <clinit>> (0x00000000e7149a60) thrown at [C:\re\workspace\8-2-build-windows-amd64-cygwin\jdk8u45\3627\hotspot\src\share\vm\prims\jni.cpp, line 1598]
Event: 102.213 Thread 0x000000002114d000 Exception <a 'java/lang/NoSuchMethodError': <clinit>> (0x00000000e719d708) thrown at [C:\re\workspace\8-2-build-windows-amd64-cygwin\jdk8u45\3627\hotspot\src\share\vm\prims\jni.cpp, line 1598]
Event: 102.308 Thread 0x0000000021158800 Exception <a 'java/lang/NoSuchMethodError': java.lang.Object.lambda$negate$11(Ljava/lang/Object;)Z> (0x00000000e73993e0) thrown at [C:\re\workspace\8-2-build-windows-amd64-cygwin\jdk8u45\3627\hotspot\src\share\vm\interpreter\linkResolver.cpp, line 582]
Event: 104.766 Thread 0x0000000021158800 Exception <a 'sun/nio/fs/WindowsException'> (0x00000000e85a5bc8) thrown at [C:\re\workspace\8-2-build-windows-amd64-cygwin\jdk8u45\3627\hotspot\src\share\vm\prims\jni.cpp, line 709]
Event: 104.767 Thread 0x0000000021158800 Exception <a 'sun/nio/fs/WindowsException'> (0x00000000e85a6460) thrown at [C:\re\workspace\8-2-build-windows-amd64-cygwin\jdk8u45\3627\hotspot\src\share\vm\prims\jni.cpp, line 709]

Events (10 events):
Event: 105.447 Thread 0x0000000018c3d000 flushing nmethod 0x0000000003a38210
Event: 105.448 Thread 0x0000000018c3d000 flushing nmethod 0x0000000003ad7490
Event: 105.448 Thread 0x0000000018c3d000 flushing nmethod 0x0000000003ae4550
Event: 105.448 Thread 0x0000000018c3d000 flushing nmethod 0x0000000003b1ecd0
Event: 105.448 Thread 0x0000000018c3d000 flushing nmethod 0x0000000003b21010
Event: 105.448 Thread 0x0000000018c3d000 flushing nmethod 0x0000000003b4c650
Event: 105.448 Thread 0x0000000018c3d000 flushing nmethod 0x0000000003b51810
Event: 105.448 Thread 0x0000000018c3d000 flushing nmethod 0x0000000003b558d0
Event: 105.448 Thread 0x0000000018c3d000 flushing nmethod 0x0000000003b9c210
Event: 105.449 Thread 0x0000000018c3d000 flushing nmethod 0x0000000003bc4c10


Dynamic libraries:
0x00007ff656e70000 - 0x00007ff656ea7000 	C:\Program Files\Java\jdk1.8.0_45\bin\java.exe
0x00007ffe8eac0000 - 0x00007ffe8eca1000 	C:\WINDOWS\SYSTEM32\ntdll.dll
0x00007ffe8c2f0000 - 0x00007ffe8c3a1000 	C:\WINDOWS\System32\KERNEL32.DLL
0x00007ffe8bcd0000 - 0x00007ffe8bf43000 	C:\WINDOWS\System32\KERNELBASE.dll
0x00007ffe8e8d0000 - 0x00007ffe8e971000 	C:\WINDOWS\System32\ADVAPI32.dll
0x00007ffe8c4b0000 - 0x00007ffe8c54e000 	C:\WINDOWS\System32\msvcrt.dll
0x00007ffe8c290000 - 0x00007ffe8c2eb000 	C:\WINDOWS\System32\sechost.dll
0x00007ffe8cf80000 - 0x00007ffe8d0a4000 	C:\WINDOWS\System32\RPCRT4.dll
0x00007ffe8c550000 - 0x00007ffe8c6e0000 	C:\WINDOWS\System32\USER32.dll
0x00007ffe8b060000 - 0x00007ffe8b080000 	C:\WINDOWS\System32\win32u.dll
0x00007ffe8d0b0000 - 0x00007ffe8d0d8000 	C:\WINDOWS\System32\GDI32.dll
0x00007ffe8b080000 - 0x00007ffe8b211000 	C:\WINDOWS\System32\gdi32full.dll
0x00007ffe8ae90000 - 0x00007ffe8af2f000 	C:\WINDOWS\System32\msvcp_win.dll
0x00007ffe8b280000 - 0x00007ffe8b378000 	C:\WINDOWS\System32\ucrtbase.dll
0x00007ffe591c0000 - 0x00007ffe59429000 	C:\WINDOWS\WinSxS\amd64_microsoft.windows.common-controls_6595b64144ccf1df_6.0.17134.885_none_fb42a3473065565f\COMCTL32.dll
0x00007ffe8bf50000 - 0x00007ffe8c272000 	C:\WINDOWS\System32\combase.dll
0x00007ffe8af30000 - 0x00007ffe8afa9000 	C:\WINDOWS\System32\bcryptPrimitives.dll
0x00007ffe8ca10000 - 0x00007ffe8ca3d000 	C:\WINDOWS\System32\IMM32.DLL
0x000000006c0f0000 - 0x000000006c1c2000 	C:\Program Files\Java\jdk1.8.0_45\jre\bin\msvcr100.dll
0x000000006b860000 - 0x000000006c0e3000 	C:\Program Files\Java\jdk1.8.0_45\jre\bin\server\jvm.dll
0x00007ffe8c280000 - 0x00007ffe8c288000 	C:\WINDOWS\System32\PSAPI.DLL
0x00007ffe6e230000 - 0x00007ffe6e239000 	C:\WINDOWS\SYSTEM32\WSOCK32.dll
0x00007ffe873b0000 - 0x00007ffe873d3000 	C:\WINDOWS\SYSTEM32\WINMM.dll
0x00007ffe851c0000 - 0x00007ffe851ca000 	C:\WINDOWS\SYSTEM32\VERSION.dll
0x00007ffe8d240000 - 0x00007ffe8d2ac000 	C:\WINDOWS\System32\WS2_32.dll
0x00007ffe87380000 - 0x00007ffe873aa000 	C:\WINDOWS\SYSTEM32\winmmbase.dll
0x00007ffe8b570000 - 0x00007ffe8b5b9000 	C:\WINDOWS\System32\cfgmgr32.dll
0x000000006e280000 - 0x000000006e28f000 	C:\Program Files\Java\jdk1.8.0_45\jre\bin\verify.dll
0x000000006b830000 - 0x000000006b859000 	C:\Program Files\Java\jdk1.8.0_45\jre\bin\java.dll
0x000000006b810000 - 0x000000006b826000 	C:\Program Files\Java\jdk1.8.0_45\jre\bin\zip.dll
0x00007ffe8d2b0000 - 0x00007ffe8e6f0000 	C:\WINDOWS\System32\SHELL32.dll
0x00007ffe8e980000 - 0x00007ffe8ea29000 	C:\WINDOWS\System32\shcore.dll
0x00007ffe8b5c0000 - 0x00007ffe8bccd000 	C:\WINDOWS\System32\windows.storage.dll
0x00007ffe8c830000 - 0x00007ffe8c881000 	C:\WINDOWS\System32\shlwapi.dll
0x00007ffe8ae20000 - 0x00007ffe8ae31000 	C:\WINDOWS\System32\kernel.appcore.dll
0x00007ffe8ae00000 - 0x00007ffe8ae1f000 	C:\WINDOWS\System32\profapi.dll
0x00007ffe8ae40000 - 0x00007ffe8ae8c000 	C:\WINDOWS\System32\powrprof.dll
0x00007ffe8adf0000 - 0x00007ffe8adfa000 	C:\WINDOWS\System32\FLTLIB.DLL
0x000000006b7f0000 - 0x000000006b80a000 	C:\Program Files\Java\jdk1.8.0_45\jre\bin\net.dll
0x00007ffe8a650000 - 0x00007ffe8a6b6000 	C:\WINDOWS\system32\mswsock.dll
0x000000006b7d0000 - 0x000000006b7e1000 	C:\Program Files\Java\jdk1.8.0_45\jre\bin\nio.dll
0x00007ffe7bba0000 - 0x00007ffe7bbc6000 	C:\Users\hp\.gradle\native\30\windows-amd64\native-platform.dll
0x000000006b7c0000 - 0x000000006b7cd000 	C:\Program Files\Java\jdk1.8.0_45\jre\bin\management.dll
0x00007ffe8a800000 - 0x00007ffe8a817000 	C:\WINDOWS\SYSTEM32\CRYPTSP.dll
0x00007ffe8a240000 - 0x00007ffe8a273000 	C:\WINDOWS\system32\rsaenh.dll
0x00007ffe8a930000 - 0x00007ffe8a955000 	C:\WINDOWS\SYSTEM32\bcrypt.dll
0x00007ffe8acd0000 - 0x00007ffe8acf8000 	C:\WINDOWS\SYSTEM32\USERENV.dll
0x00007ffe8a820000 - 0x00007ffe8a82b000 	C:\WINDOWS\SYSTEM32\CRYPTBASE.dll
0x00007ffe8a3e0000 - 0x00007ffe8a418000 	C:\WINDOWS\SYSTEM32\IPHLPAPI.DLL
0x00007ffe8e6f0000 - 0x00007ffe8e6f8000 	C:\WINDOWS\System32\NSI.dll
0x00007ffe84fa0000 - 0x00007ffe84fb6000 	C:\WINDOWS\SYSTEM32\dhcpcsvc6.DLL
0x00007ffe84cf0000 - 0x00007ffe84d0a000 	C:\WINDOWS\SYSTEM32\dhcpcsvc.DLL
0x000000006b620000 - 0x000000006b7b8000 	C:\Program Files\Java\jdk1.8.0_45\jre\bin\awt.dll
0x00007ffe8c6e0000 - 0x00007ffe8c7a2000 	C:\WINDOWS\System32\OLEAUT32.dll
0x00007ffe88c30000 - 0x00007ffe88cbb000 	C:\WINDOWS\SYSTEM32\apphelp.dll
0x00007ffe891f0000 - 0x00007ffe89219000 	C:\WINDOWS\system32\DWMAPI.DLL
0x00007ffe88f30000 - 0x00007ffe88fc8000 	C:\WINDOWS\system32\uxtheme.dll
0x000000006b5f0000 - 0x000000006b61a000 	C:\Program Files\Java\jdk1.8.0_45\jre\bin\dcpr.dll
0x00007ffe89820000 - 0x00007ffe899e9000 	C:\WINDOWS\SYSTEM32\dbghelp.dll

VM Arguments:
jvm_args: -Xmx1536m -Dfile.encoding=windows-1252 -Duser.country=US -Duser.language=en -Duser.variant 
java_command: org.gradle.launcher.daemon.bootstrap.GradleDaemon 5.6.4
java_class_path (initial): C:\Users\hp\.gradle\wrapper\dists\gradle-5.6.4-all\ankdp27end7byghfw1q2sw75f\gradle-5.6.4\lib\gradle-launcher-5.6.4.jar
Launcher Type: SUN_STANDARD

Environment Variables:
JAVA_HOME=C:\Program Files (x86)\Java\jdk1.8.0_181
PATH=C:\Program Files\Microsoft MPI\Bin\;C:\WINDOWS\system32;C:\WINDOWS;C:\WINDOWS\System32\Wbem;C:\WINDOWS\System32\WindowsPowerShell\v1.0\;C:\Program Files\Microsoft\Web Platform Installer\;C:\Program Files (x86)\Microsoft ASP.NET\ASP.NET Web Pages\v1.0\;C:\Program Files\dotnet\;C:\Program Files\Microsoft SQL Server\130\Tools\Binn\;C:\WINDOWS\System32\OpenSSH\;C:\Program Files\Microsoft SQL Server\Client SDK\ODBC\130\Tools\Binn\;C:\Program Files (x86)\Microsoft SQL Server\130\Tools\Binn\;C:\Program Files\Microsoft SQL Server\130\DTS\Binn\;C:\Program Files (x86)\Microsoft SQL Server\130\DTS\Binn\;C:\Program Files (x86)\Microsoft SQL Server\Client SDK\ODBC\130\Tools\Binn\;C:\Program Files (x86)\Microsoft SQL Server\140\Tools\Binn\;C:\Program Files (x86)\Microsoft SQL Server\140\DTS\Binn\;C:\Program Files (x86)\Microsoft SQL Server\140\Tools\Binn\ManagementStudio\;C:\Program Files\Git\cmd;C:\Users\hp\AppData\Local\Microsoft\WindowsApps;C:\Users\hp\.dotnet\tools;%USERPROFILE%\AppData\Local\Microsoft\WindowsApps;
USERNAME=hp
OS=Windows_NT
PROCESSOR_IDENTIFIER=Intel64 Family 6 Model 142 Stepping 10, GenuineIntel



---------------  S Y S T E M  ---------------

OS: Windows 10.0 , 64 bit Build 17134 (10.0.17134.753)

CPU:total 8 (4 cores per cpu, 2 threads per core) family 6 model 142 stepping 10, cmov, cx8, fxsr, mmx, sse, sse2, sse3, ssse3, sse4.1, sse4.2, popcnt, avx, avx2, aes, clmul, erms, 3dnowpref, lzcnt, ht, tsc, tscinvbit, bmi1, bmi2, adx

Memory: 4k page, physical 8303528k(556460k free), swap 13638724k(1032k free)

vm_info: Java HotSpot(TM) 64-Bit Server VM (25.45-b02) for windows-amd64 JRE (1.8.0_45-b15), built on Apr 30 2015 12:40:44 by "java_re" with MS VC++ 10.0 (VS2010)

time: Sun Apr 19 23:27:24 2020
elapsed time: 105 seconds (0d 0h 1m 45s)

